<?xml version="1.0" encoding="UTF-8"?>
<!-- Generated by org.testng.reporters.JUnitReportReporter -->
<testsuite skipped="0" hostname="DESKTOP-KC49S8G" name="ParaBank.ViewAccountInfoTest" tests="1" failures="0" timestamp="20 Dec 2023 06:47:40 GMT" time="4.818" errors="0">
  <testcase name="testViewAccountBalancesAndTransactions" time="4.818" classname="ParaBank.ViewAccountInfoTest"/>
</testsuite> <!-- ParaBank.ViewAccountInfoTest -->
