<?xml version="1.0" encoding="UTF-8"?>
<!-- Generated by org.testng.reporters.JUnitReportReporter -->
<testsuite skipped="0" hostname="DESKTOP-KC49S8G" name="ParaBank.UserLoginLogoutTest" tests="1" failures="0" timestamp="20 Dec 2023 06:47:40 GMT" time="5.383" errors="0">
  <testcase name="testUserLoginAndLogout" time="5.383" classname="ParaBank.UserLoginLogoutTest"/>
</testsuite> <!-- ParaBank.UserLoginLogoutTest -->
